{"C:\\Users\\KEBH_\\OneDrive\\Documentos\\Microverse\\module 2\\capstone-2\\modules\\cardsCounter.js": {"path":"C:\\Users\\KEBH_\\OneDrive\\Documentos\\Microverse\\module 2\\capstone-2\\modules\\cardsCounter.js","statementMap":{"0":{"start":{"line":1,"column":16},"end":{"line":1,"column":63}},"1":{"start":{"line":1,"column":22},"end":{"line":1,"column":63}}},"fnMap":{"0":{"name":"(anonymous_0)","decl":{"start":{"line":1,"column":16},"end":{"line":1,"column":17}},"loc":{"start":{"line":1,"column":22},"end":{"line":1,"column":63}},"line":1}},"branchMap":{},"s":{"0":1,"1":3},"f":{"0":3},"b":{},"_coverageSchema":"1a1c01bbd47fc00a2c39e90264f33305004495a9","hash":"b3366d10c3fb31adfe5bd3afd9bd51f8eb894b8f"}
}
