{"C:\\Users\\KEBH_\\OneDrive\\Documentos\\Microverse\\module 2\\capstone-2\\modules\\cardsCounter.js": {"path":"C:\\Users\\KEBH_\\OneDrive\\Documentos\\Microverse\\module 2\\capstone-2\\modules\\cardsCounter.js","statementMap":{"0":{"start":{"line":1,"column":12},"end":{"line":1,"column":13}},"1":{"start":{"line":3,"column":0},"end":{"line":3,"column":11}},"2":{"start":{"line":5,"column":16},"end":{"line":5,"column":27}},"3":{"start":{"line":5,"column":22},"end":{"line":5,"column":27}}},"fnMap":{"0":{"name":"(anonymous_0)","decl":{"start":{"line":5,"column":16},"end":{"line":5,"column":17}},"loc":{"start":{"line":5,"column":22},"end":{"line":5,"column":27}},"line":5}},"branchMap":{},"s":{"0":1,"1":1,"2":1,"3":2},"f":{"0":2},"b":{},"_coverageSchema":"1a1c01bbd47fc00a2c39e90264f33305004495a9","hash":"53ce17cb2aa2835e21e0948a1f9e986d394fa21a"}
}
